This is XeTeX, Version 3.141592653-2.6-0.999994 (TeX Live 2022) (preloaded format=xelatex 2023.1.31)  8 AUG 2023 17:41
entering extended mode
 restricted \write18 enabled.
 %&-line parsing enabled.
**qi.tex
(./qi.tex
LaTeX2e <2021-11-15> patch level 1
L3 programming layer <2022-02-24>
(c:/texlive/2022/texmf-dist/tex/latex/base/book.cls
Document Class: book 2021/10/04 v1.4n Standard LaTeX document class
(c:/texlive/2022/texmf-dist/tex/latex/base/bk10.clo
File: bk10.clo 2021/10/04 v1.4n Standard LaTeX file (size option)
)
\c@part=\count181
\c@chapter=\count182
\c@section=\count183
\c@subsection=\count184
\c@subsubsection=\count185
\c@paragraph=\count186
\c@subparagraph=\count187
\c@figure=\count188
\c@table=\count189
\abovecaptionskip=\skip47
\belowcaptionskip=\skip48
\bibindent=\dimen138
)
(c:/texlive/2022/texmf-dist/tex/latex/titling/titling.sty
Package: titling 2009/09/04 v2.1d maketitle typesetting
\thanksmarkwidth=\skip49
\thanksmargin=\skip50
\droptitle=\skip51
)
(c:/texlive/2022/texmf-dist/tex/latex/multirow/multirow.sty
Package: multirow 2021/03/15 v2.8 Span multiple rows of a table
\multirow@colwidth=\skip52
\multirow@cntb=\count190
\multirow@dima=\skip53
\bigstrutjot=\dimen139
)
(c:/texlive/2022/texmf-dist/tex/latex/setspace/setspace.sty
Package: setspace 2011/12/19 v6.7a set line spacing
)
(c:/texlive/2022/texmf-dist/tex/latex/base/makeidx.sty
Package: makeidx 2021/10/04 v1.0m Standard LaTeX package
)
(c:/texlive/2022/texmf-dist/tex/latex/pgf/frontendlayer/tikz.sty
(c:/texlive/2022/texmf-dist/tex/latex/pgf/basiclayer/pgf.sty
(c:/texlive/2022/texmf-dist/tex/latex/pgf/utilities/pgfrcs.sty
(c:/texlive/2022/texmf-dist/tex/generic/pgf/utilities/pgfutil-common.tex
\pgfutil@everybye=\toks16
\pgfutil@tempdima=\dimen140
\pgfutil@tempdimb=\dimen141

(c:/texlive/2022/texmf-dist/tex/generic/pgf/utilities/pgfutil-common-lists.tex)
) (c:/texlive/2022/texmf-dist/tex/generic/pgf/utilities/pgfutil-latex.def
\pgfutil@abb=\box50
)
(c:/texlive/2022/texmf-dist/tex/generic/pgf/utilities/pgfrcs.code.tex
(c:/texlive/2022/texmf-dist/tex/generic/pgf/pgf.revision.tex)
Package: pgfrcs 2021/05/15 v3.1.9a (3.1.9a)
))
Package: pgf 2021/05/15 v3.1.9a (3.1.9a)

(c:/texlive/2022/texmf-dist/tex/latex/pgf/basiclayer/pgfcore.sty
(c:/texlive/2022/texmf-dist/tex/latex/graphics/graphicx.sty
Package: graphicx 2021/09/16 v1.2d Enhanced LaTeX Graphics (DPC,SPQR)

(c:/texlive/2022/texmf-dist/tex/latex/graphics/keyval.sty
Package: keyval 2014/10/28 v1.15 key=value parser (DPC)
\KV@toks@=\toks17
)
(c:/texlive/2022/texmf-dist/tex/latex/graphics/graphics.sty
Package: graphics 2021/03/04 v1.4d Standard LaTeX Graphics (DPC,SPQR)

(c:/texlive/2022/texmf-dist/tex/latex/graphics/trig.sty
Package: trig 2021/08/11 v1.11 sin cos tan (DPC)
)
(c:/texlive/2022/texmf-dist/tex/latex/graphics-cfg/graphics.cfg
File: graphics.cfg 2016/06/04 v1.11 sample graphics configuration
)
Package graphics Info: Driver file: xetex.def on input line 107.

(c:/texlive/2022/texmf-dist/tex/latex/graphics-def/xetex.def
File: xetex.def 2021/03/18 v5.0k Graphics/color driver for xetex
))
\Gin@req@height=\dimen142
\Gin@req@width=\dimen143
)
(c:/texlive/2022/texmf-dist/tex/latex/pgf/systemlayer/pgfsys.sty
(c:/texlive/2022/texmf-dist/tex/generic/pgf/systemlayer/pgfsys.code.tex
Package: pgfsys 2021/05/15 v3.1.9a (3.1.9a)

(c:/texlive/2022/texmf-dist/tex/generic/pgf/utilities/pgfkeys.code.tex
\pgfkeys@pathtoks=\toks18
\pgfkeys@temptoks=\toks19

(c:/texlive/2022/texmf-dist/tex/generic/pgf/utilities/pgfkeysfiltered.code.tex
\pgfkeys@tmptoks=\toks20
))
\pgf@x=\dimen144
\pgf@y=\dimen145
\pgf@xa=\dimen146
\pgf@ya=\dimen147
\pgf@xb=\dimen148
\pgf@yb=\dimen149
\pgf@xc=\dimen150
\pgf@yc=\dimen151
\pgf@xd=\dimen152
\pgf@yd=\dimen153
\w@pgf@writea=\write3
\r@pgf@reada=\read2
\c@pgf@counta=\count191
\c@pgf@countb=\count192
\c@pgf@countc=\count193
\c@pgf@countd=\count194
\t@pgf@toka=\toks21
\t@pgf@tokb=\toks22
\t@pgf@tokc=\toks23
\pgf@sys@id@count=\count195
 (c:/texlive/2022/texmf-dist/tex/generic/pgf/systemlayer/pgf.cfg
File: pgf.cfg 2021/05/15 v3.1.9a (3.1.9a)
)
Driver file for pgf: pgfsys-xetex.def

(c:/texlive/2022/texmf-dist/tex/generic/pgf/systemlayer/pgfsys-xetex.def
File: pgfsys-xetex.def 2021/05/15 v3.1.9a (3.1.9a)

(c:/texlive/2022/texmf-dist/tex/generic/pgf/systemlayer/pgfsys-dvipdfmx.def
File: pgfsys-dvipdfmx.def 2021/05/15 v3.1.9a (3.1.9a)

(c:/texlive/2022/texmf-dist/tex/generic/pgf/systemlayer/pgfsys-common-pdf.def
File: pgfsys-common-pdf.def 2021/05/15 v3.1.9a (3.1.9a)
)
\pgfsys@objnum=\count196
)))
(c:/texlive/2022/texmf-dist/tex/generic/pgf/systemlayer/pgfsyssoftpath.code.tex
File: pgfsyssoftpath.code.tex 2021/05/15 v3.1.9a (3.1.9a)
\pgfsyssoftpath@smallbuffer@items=\count197
\pgfsyssoftpath@bigbuffer@items=\count198
)
(c:/texlive/2022/texmf-dist/tex/generic/pgf/systemlayer/pgfsysprotocol.code.tex
File: pgfsysprotocol.code.tex 2021/05/15 v3.1.9a (3.1.9a)
)) (c:/texlive/2022/texmf-dist/tex/latex/xcolor/xcolor.sty
Package: xcolor 2021/10/31 v2.13 LaTeX color extensions (UK)

(c:/texlive/2022/texmf-dist/tex/latex/graphics-cfg/color.cfg
File: color.cfg 2016/01/02 v1.6 sample color configuration
)
Package xcolor Info: Driver file: xetex.def on input line 227.
Package xcolor Info: Model `cmy' substituted by `cmy0' on input line 1352.
Package xcolor Info: Model `RGB' extended on input line 1368.
Package xcolor Info: Model `HTML' substituted by `rgb' on input line 1370.
Package xcolor Info: Model `Hsb' substituted by `hsb' on input line 1371.
Package xcolor Info: Model `tHsb' substituted by `hsb' on input line 1372.
Package xcolor Info: Model `HSB' substituted by `hsb' on input line 1373.
Package xcolor Info: Model `Gray' substituted by `gray' on input line 1374.
Package xcolor Info: Model `wave' substituted by `hsb' on input line 1375.
)
(c:/texlive/2022/texmf-dist/tex/generic/pgf/basiclayer/pgfcore.code.tex
Package: pgfcore 2021/05/15 v3.1.9a (3.1.9a)

(c:/texlive/2022/texmf-dist/tex/generic/pgf/math/pgfmath.code.tex
(c:/texlive/2022/texmf-dist/tex/generic/pgf/math/pgfmathcalc.code.tex
(c:/texlive/2022/texmf-dist/tex/generic/pgf/math/pgfmathutil.code.tex)
(c:/texlive/2022/texmf-dist/tex/generic/pgf/math/pgfmathparser.code.tex
\pgfmath@dimen=\dimen154
\pgfmath@count=\count199
\pgfmath@box=\box51
\pgfmath@toks=\toks24
\pgfmath@stack@operand=\toks25
\pgfmath@stack@operation=\toks26
)
(c:/texlive/2022/texmf-dist/tex/generic/pgf/math/pgfmathfunctions.code.tex
(c:/texlive/2022/texmf-dist/tex/generic/pgf/math/pgfmathfunctions.basic.code.te
x)
(c:/texlive/2022/texmf-dist/tex/generic/pgf/math/pgfmathfunctions.trigonometric
.code.tex)
(c:/texlive/2022/texmf-dist/tex/generic/pgf/math/pgfmathfunctions.random.code.t
ex)
(c:/texlive/2022/texmf-dist/tex/generic/pgf/math/pgfmathfunctions.comparison.co
de.tex)
(c:/texlive/2022/texmf-dist/tex/generic/pgf/math/pgfmathfunctions.base.code.tex
)
(c:/texlive/2022/texmf-dist/tex/generic/pgf/math/pgfmathfunctions.round.code.te
x)
(c:/texlive/2022/texmf-dist/tex/generic/pgf/math/pgfmathfunctions.misc.code.tex
)
(c:/texlive/2022/texmf-dist/tex/generic/pgf/math/pgfmathfunctions.integerarithm
etics.code.tex)))
(c:/texlive/2022/texmf-dist/tex/generic/pgf/math/pgfmathfloat.code.tex
\c@pgfmathroundto@lastzeros=\count266
))
(c:/texlive/2022/texmf-dist/tex/generic/pgf/math/pgfint.code.tex)
(c:/texlive/2022/texmf-dist/tex/generic/pgf/basiclayer/pgfcorepoints.code.tex
File: pgfcorepoints.code.tex 2021/05/15 v3.1.9a (3.1.9a)
\pgf@picminx=\dimen155
\pgf@picmaxx=\dimen156
\pgf@picminy=\dimen157
\pgf@picmaxy=\dimen158
\pgf@pathminx=\dimen159
\pgf@pathmaxx=\dimen160
\pgf@pathminy=\dimen161
\pgf@pathmaxy=\dimen162
\pgf@xx=\dimen163
\pgf@xy=\dimen164
\pgf@yx=\dimen165
\pgf@yy=\dimen166
\pgf@zx=\dimen167
\pgf@zy=\dimen168
)
(c:/texlive/2022/texmf-dist/tex/generic/pgf/basiclayer/pgfcorepathconstruct.cod
e.tex
File: pgfcorepathconstruct.code.tex 2021/05/15 v3.1.9a (3.1.9a)
\pgf@path@lastx=\dimen169
\pgf@path@lasty=\dimen170
)
(c:/texlive/2022/texmf-dist/tex/generic/pgf/basiclayer/pgfcorepathusage.code.te
x
File: pgfcorepathusage.code.tex 2021/05/15 v3.1.9a (3.1.9a)
\pgf@shorten@end@additional=\dimen171
\pgf@shorten@start@additional=\dimen172
)
(c:/texlive/2022/texmf-dist/tex/generic/pgf/basiclayer/pgfcorescopes.code.tex
File: pgfcorescopes.code.tex 2021/05/15 v3.1.9a (3.1.9a)
\pgfpic=\box52
\pgf@hbox=\box53
\pgf@layerbox@main=\box54
\pgf@picture@serial@count=\count267
)
(c:/texlive/2022/texmf-dist/tex/generic/pgf/basiclayer/pgfcoregraphicstate.code
.tex
File: pgfcoregraphicstate.code.tex 2021/05/15 v3.1.9a (3.1.9a)
\pgflinewidth=\dimen173
)
(c:/texlive/2022/texmf-dist/tex/generic/pgf/basiclayer/pgfcoretransformations.c
ode.tex
File: pgfcoretransformations.code.tex 2021/05/15 v3.1.9a (3.1.9a)
\pgf@pt@x=\dimen174
\pgf@pt@y=\dimen175
\pgf@pt@temp=\dimen176
)
(c:/texlive/2022/texmf-dist/tex/generic/pgf/basiclayer/pgfcorequick.code.tex
File: pgfcorequick.code.tex 2021/05/15 v3.1.9a (3.1.9a)
)
(c:/texlive/2022/texmf-dist/tex/generic/pgf/basiclayer/pgfcoreobjects.code.tex
File: pgfcoreobjects.code.tex 2021/05/15 v3.1.9a (3.1.9a)
)
(c:/texlive/2022/texmf-dist/tex/generic/pgf/basiclayer/pgfcorepathprocessing.co
de.tex
File: pgfcorepathprocessing.code.tex 2021/05/15 v3.1.9a (3.1.9a)
)
(c:/texlive/2022/texmf-dist/tex/generic/pgf/basiclayer/pgfcorearrows.code.tex
File: pgfcorearrows.code.tex 2021/05/15 v3.1.9a (3.1.9a)
\pgfarrowsep=\dimen177
)
(c:/texlive/2022/texmf-dist/tex/generic/pgf/basiclayer/pgfcoreshade.code.tex
File: pgfcoreshade.code.tex 2021/05/15 v3.1.9a (3.1.9a)
\pgf@max=\dimen178
\pgf@sys@shading@range@num=\count268
\pgf@shadingcount=\count269
)
(c:/texlive/2022/texmf-dist/tex/generic/pgf/basiclayer/pgfcoreimage.code.tex
File: pgfcoreimage.code.tex 2021/05/15 v3.1.9a (3.1.9a)

(c:/texlive/2022/texmf-dist/tex/generic/pgf/basiclayer/pgfcoreexternal.code.tex
File: pgfcoreexternal.code.tex 2021/05/15 v3.1.9a (3.1.9a)
\pgfexternal@startupbox=\box55
))
(c:/texlive/2022/texmf-dist/tex/generic/pgf/basiclayer/pgfcorelayers.code.tex
File: pgfcorelayers.code.tex 2021/05/15 v3.1.9a (3.1.9a)
)
(c:/texlive/2022/texmf-dist/tex/generic/pgf/basiclayer/pgfcoretransparency.code
.tex
File: pgfcoretransparency.code.tex 2021/05/15 v3.1.9a (3.1.9a)
)
(c:/texlive/2022/texmf-dist/tex/generic/pgf/basiclayer/pgfcorepatterns.code.tex
File: pgfcorepatterns.code.tex 2021/05/15 v3.1.9a (3.1.9a)
) (c:/texlive/2022/texmf-dist/tex/generic/pgf/basiclayer/pgfcorerdf.code.tex
File: pgfcorerdf.code.tex 2021/05/15 v3.1.9a (3.1.9a)
))) (c:/texlive/2022/texmf-dist/tex/generic/pgf/modules/pgfmoduleshapes.code.te
x
File: pgfmoduleshapes.code.tex 2021/05/15 v3.1.9a (3.1.9a)
\pgfnodeparttextbox=\box56
)
(c:/texlive/2022/texmf-dist/tex/generic/pgf/modules/pgfmoduleplot.code.tex
File: pgfmoduleplot.code.tex 2021/05/15 v3.1.9a (3.1.9a)
)
(c:/texlive/2022/texmf-dist/tex/latex/pgf/compatibility/pgfcomp-version-0-65.st
y
Package: pgfcomp-version-0-65 2021/05/15 v3.1.9a (3.1.9a)
\pgf@nodesepstart=\dimen179
\pgf@nodesepend=\dimen180
)
(c:/texlive/2022/texmf-dist/tex/latex/pgf/compatibility/pgfcomp-version-1-18.st
y
Package: pgfcomp-version-1-18 2021/05/15 v3.1.9a (3.1.9a)
)) (c:/texlive/2022/texmf-dist/tex/latex/pgf/utilities/pgffor.sty
(c:/texlive/2022/texmf-dist/tex/latex/pgf/utilities/pgfkeys.sty
(c:/texlive/2022/texmf-dist/tex/generic/pgf/utilities/pgfkeys.code.tex))
(c:/texlive/2022/texmf-dist/tex/latex/pgf/math/pgfmath.sty
(c:/texlive/2022/texmf-dist/tex/generic/pgf/math/pgfmath.code.tex))
(c:/texlive/2022/texmf-dist/tex/generic/pgf/utilities/pgffor.code.tex
Package: pgffor 2021/05/15 v3.1.9a (3.1.9a)

(c:/texlive/2022/texmf-dist/tex/generic/pgf/math/pgfmath.code.tex)
\pgffor@iter=\dimen181
\pgffor@skip=\dimen182
\pgffor@stack=\toks27
\pgffor@toks=\toks28
))
(c:/texlive/2022/texmf-dist/tex/generic/pgf/frontendlayer/tikz/tikz.code.tex
Package: tikz 2021/05/15 v3.1.9a (3.1.9a)

(c:/texlive/2022/texmf-dist/tex/generic/pgf/libraries/pgflibraryplothandlers.co
de.tex
File: pgflibraryplothandlers.code.tex 2021/05/15 v3.1.9a (3.1.9a)
\pgf@plot@mark@count=\count270
\pgfplotmarksize=\dimen183
)
\tikz@lastx=\dimen184
\tikz@lasty=\dimen185
\tikz@lastxsaved=\dimen186
\tikz@lastysaved=\dimen187
\tikz@lastmovetox=\dimen188
\tikz@lastmovetoy=\dimen189
\tikzleveldistance=\dimen190
\tikzsiblingdistance=\dimen191
\tikz@figbox=\box57
\tikz@figbox@bg=\box58
\tikz@tempbox=\box59
\tikz@tempbox@bg=\box60
\tikztreelevel=\count271
\tikznumberofchildren=\count272
\tikznumberofcurrentchild=\count273
\tikz@fig@count=\count274

(c:/texlive/2022/texmf-dist/tex/generic/pgf/modules/pgfmodulematrix.code.tex
File: pgfmodulematrix.code.tex 2021/05/15 v3.1.9a (3.1.9a)
\pgfmatrixcurrentrow=\count275
\pgfmatrixcurrentcolumn=\count276
\pgf@matrix@numberofcolumns=\count277
)
\tikz@expandcount=\count278

(c:/texlive/2022/texmf-dist/tex/generic/pgf/frontendlayer/tikz/libraries/tikzli
brarytopaths.code.tex
File: tikzlibrarytopaths.code.tex 2021/05/15 v3.1.9a (3.1.9a)
)))
(c:/texlive/2022/texmf-dist/tex/latex/braket/braket.sty)
(c:/texlive/2022/texmf-dist/tex/latex/tools/array.sty
Package: array 2021/10/04 v2.5f Tabular extension package (FMi)
\col@sep=\dimen192
\ar@mcellbox=\box61
\extrarowheight=\dimen193
\NC@list=\toks29
\extratabsurround=\skip54
\backup@length=\skip55
\ar@cellbox=\box62
)
(c:/texlive/2022/texmf-dist/tex/latex/qcircuit/qcircuit.sty
Package: qcircuit 2018/08/14

(c:/texlive/2022/texmf-dist/tex/generic/xypic/xy.sty
(c:/texlive/2022/texmf-dist/tex/generic/xypic/xy.tex Bootstrap'ing: catcodes,
docmode, (c:/texlive/2022/texmf-dist/tex/generic/xypic/xyrecat.tex)
(c:/texlive/2022/texmf-dist/tex/generic/xypic/xyidioms.tex)

 Xy-pic version 3.8.9 <2013/10/06>
 Copyright (c) 1991-2013 by Kristoffer H. Rose <krisrose@tug.org> and others
 Xy-pic is free software: see the User's Guide for details.

Loading kernel: messages; fonts; allocations: state,
\X@c=\dimen194
\Y@c=\dimen195
\U@c=\dimen196
\D@c=\dimen197
\L@c=\dimen198
\R@c=\dimen199
\Edge@c=\toks30
\X@p=\dimen256
\Y@p=\dimen257
\U@p=\dimen258
\D@p=\dimen259
\L@p=\dimen260
\R@p=\dimen261
\Edge@p=\toks31
\X@origin=\dimen262
\Y@origin=\dimen263
\X@xbase=\dimen264
\Y@xbase=\dimen265
\X@ybase=\dimen266
\Y@ybase=\dimen267
\X@min=\dimen268
\Y@min=\dimen269
\X@max=\dimen270
\Y@max=\dimen271
\lastobjectbox@=\box63
\zerodotbox@=\box64
\almostz@=\dimen272
 direction,
\d@X=\dimen273
\d@Y=\dimen274
\K@=\count279
\KK@=\count280
\Direction=\count281
\K@dXdY=\dimen275
\K@dYdX=\dimen276
\xyread@=\read3
\xywrite@=\write4
\csp@=\count282
\quotPTK@=\dimen277

utility macros; pictures: \xy, positions,
\swaptoks@@=\toks32
\connectobjectbox@@=\box65
 objects,
\styletoks@=\toks33
 decorations;
kernel objects: directionals, circles, text; options; algorithms: directions,
edges, connections;  Xy-pic loaded)
(c:/texlive/2022/texmf-dist/tex/generic/iftex/ifpdf.sty
Package: ifpdf 2019/10/25 v3.4 ifpdf legacy package. Use iftex instead.

(c:/texlive/2022/texmf-dist/tex/generic/iftex/iftex.sty
Package: iftex 2022/02/03 v1.0f TeX engine tests
))
Package: xy 2013/10/06 Xy-pic version 3.8.9
)
(c:/texlive/2022/texmf-dist/tex/generic/xypic/xymatrix.tex
 Xy-pic option: Matrix feature v.3.14
\Row=\count283
\Col=\count284
\queue@=\toks34
\queue@@=\toks35
\qcount@=\count285
\qcount@@=\count286
\matrixsize@=\count287
 loaded)
(c:/texlive/2022/texmf-dist/tex/generic/xypic/xyframe.tex
 Xy-pic option: Frame and Bracket extension v.3.14 loaded)
(c:/texlive/2022/texmf-dist/tex/generic/xypic/xyarrow.tex
 Xy-pic option: Arrow and Path feature v.3.9 path, \ar, loaded)
(c:/texlive/2022/texmf-dist/tex/generic/xypic/xyarc.tex
 Xy-pic option: Circle, Ellipse, Arc feature v.3.8
(c:/texlive/2022/texmf-dist/tex/generic/xypic/xycurve.tex
 Xy-pic option: Curve and Spline extension v.3.12 curve,
\crv@cnt@=\count288
\crvpts@=\toks36
\splinebox@=\box66
\splineval@=\dimen278
\splinedepth@=\dimen279
\splinetol@=\dimen280
\splinelength@=\dimen281
 circles,
\L@=\dimen282
 loaded)
circles, ellipses, elliptical arcs, loaded)

Package Qcircuit Warning: qcircuit is not loading in PDF mode. Activating all X
y-pic features to compensate. If you wish to use specific drivers for Xy-pic, y
ou must modify the code in qcircuit.sty.

(c:/texlive/2022/texmf-dist/tex/generic/xypic/xyall.tex
 Xy-pic option: All features v.3.8
(c:/texlive/2022/texmf-dist/tex/generic/xypic/xycmtip.tex
 Xy-pic option: Computer Modern tip extension v.3.7
(c:/texlive/2022/texmf-dist/tex/generic/xypic/xytips.tex
 Xy-pic option: More Tips extension v.3.11 loaded) loaded)
(c:/texlive/2022/texmf-dist/tex/generic/xypic/xyline.tex
 Xy-pic option: Line styles extension v.3.10
\xylinethick@=\dimen283
 loaded)
(c:/texlive/2022/texmf-dist/tex/generic/xypic/xyrotate.tex
 Xy-pic option: Rotate and Scale extension v.3.8 loaded)
(c:/texlive/2022/texmf-dist/tex/generic/xypic/xycolor.tex
 Xy-pic option: Colour extension v.3.11 loaded)
(c:/texlive/2022/texmf-dist/tex/generic/xypic/xygraph.tex
 Xy-pic option: Graph feature v.3.11 loaded) loaded))
(c:/texlive/2022/texmf-dist/tex/latex/tabularray/tabularray.sty
(c:/texlive/2022/texmf-dist/tex/latex/l3kernel/expl3.sty
Package: expl3 2022-02-24 L3 programming layer (loader) 

(c:/texlive/2022/texmf-dist/tex/latex/l3backend/l3backend-xetex.def
File: l3backend-xetex.def 2022-02-07 L3 backend support: XeTeX

(|extractbb --version)
\c__kernel_sys_dvipdfmx_version_int=\count289
\l__color_backend_stack_int=\count290
\g__color_backend_stack_int=\count291
\g__graphics_track_int=\count292
\l__pdf_internal_box=\box67
\g__pdf_backend_object_int=\count293
\g__pdf_backend_annotation_int=\count294
\g__pdf_backend_link_int=\count295
))
Package: tabularray 2022-03-01 v2022A Typeset tabulars and arrays with LaTeX3
\l__tblr_a_int=\count296
\l__tblr_c_int=\count297
\l__tblr_r_int=\count298
\l__tblr_d_dim=\dimen284
\l__tblr_h_dim=\dimen285
\l__tblr_o_dim=\dimen286
\l__tblr_p_dim=\dimen287
\l__tblr_q_dim=\dimen288
\l__tblr_r_dim=\dimen289
\l__tblr_s_dim=\dimen290
\l__tblr_t_dim=\dimen291
\l__tblr_v_dim=\dimen292
\l__tblr_w_dim=\dimen293
\l__tblr_a_box=\box68
\l__tblr_b_box=\box69
\l__tblr_c_box=\box70
\l__tblr_d_box=\box71
\g__tblr_table_count_int=\count299
\c@rownum=\count300
\c@colnum=\count301
\c@rowcount=\count302
\c@colcount=\count303
\abovesep=\dimen294
\belowsep=\dimen295
\leftsep=\dimen296
\rightsep=\dimen297
\g_tblr_level_int=\count304
\g__tblr_data_row_key_count_int=\count305
\g__tblr_data_column_key_count_int=\count306
\g__tblr_data_cell_key_count_int=\count307
\g__tblr_array_int=\count308
\l__tblr_key_count_int=\count309
\l__tblr_key_quotient_int=\count310
\l__tblr_key_quotient_two_int=\count311
\l__tblr_key_remainder_int=\count312
\g__tblr_data_str_value_count_int=\count313
\rulewidth=\dimen298
\l__tblr_strut_ht_box=\box72
\l__tblr_strut_dp_box=\box73
\g__tblr_cell_wd_dim=\dimen299
\g__tblr_cell_ht_dim=\dimen300
\g__tblr_cell_head_dim=\dimen301
\g__tblr_cell_foot_dim=\dimen302
\l__column_target_dim=\dimen303
\l__tblr_caption_box=\box74
\l__tblr_caption_left_box=\box75
\l__tblr_row_head_box=\box76
\l__tblr_row_foot_box=\box77
\l__tblr_row_head_foot_dim=\dimen304
\tablewidth=\dimen305
\l__tblr_table_firsthead_box=\box78
\l__tblr_table_middlehead_box=\box79
\l__tblr_table_lasthead_box=\box80
\l__tblr_table_firstfoot_box=\box81
\l__tblr_table_middlefoot_box=\box82
\l__tblr_table_lastfoot_box=\box83
\l__tblr_remain_height_dim=\dimen306
\l__tblr_long_from_int=\count314
\l__tblr_long_to_int=\count315
\l__tblr_curr_i_int=\count316
\l__tblr_prev_i_int=\count317
\l__tblr_table_page_int=\count318
\l__tblr_table_head_box=\box84
\l__tblr_table_foot_box=\box85
\l__tblr_table_head_foot_dim=\dimen307
\l__tblr_table_head_body_foot_dim=\dimen308
\l__tblr_table_box=\box86
\l__tblr_table_hlines_box=\box87
\l__tblr_hline_box=\box88
\l__tblr_row_box=\box89
\l__tblr_col_o_wd_dim=\dimen309
\l__tblr_col_b_wd_dim=\dimen310
\l__tblr_hline_leftskip_dim=\dimen311
\l__tblr_hline_rightskip_dim=\dimen312
\l__tblr_row_ht_dim=\dimen313
\l__tblr_row_dp_dim=\dimen314
\l__tblr_row_abovesep_dim=\dimen315
\l__tblr_row_belowsep_dim=\dimen316
\l__tblr_row_vlines_box=\box90
\l__tblr_vline_box=\box91
\l__tblr_cell_box=\box92
\l__row_upper_dim=\dimen317
\l__row_lower_dim=\dimen318
\l__row_vpace_dim=\dimen319
\l__tblr_vline_aboveskip_dim=\dimen320
\l__tblr_vline_belowskip_dim=\dimen321
\l__tblr_cell_wd_dim=\dimen322
\l__tblr_cell_ht_dim=\dimen323
\l__tblr_diag_box=\box93
)
(c:/texlive/2022/texmf-dist/tex/latex/amsmath/amsmath.sty
Package: amsmath 2021/10/15 v2.17l AMS math features
\@mathmargin=\skip56

For additional information on amsmath, use the `?' option.
(c:/texlive/2022/texmf-dist/tex/latex/amsmath/amstext.sty
Package: amstext 2021/08/26 v2.01 AMS text

(c:/texlive/2022/texmf-dist/tex/latex/amsmath/amsgen.sty
File: amsgen.sty 1999/11/30 v2.0 generic functions
\@emptytoks=\toks37
\ex@=\dimen324
))
(c:/texlive/2022/texmf-dist/tex/latex/amsmath/amsbsy.sty
Package: amsbsy 1999/11/29 v1.2d Bold Symbols
\pmbraise@=\dimen325
)
(c:/texlive/2022/texmf-dist/tex/latex/amsmath/amsopn.sty
Package: amsopn 2021/08/26 v2.02 operator names
)
\inf@bad=\count319
LaTeX Info: Redefining \frac on input line 234.
\uproot@=\count320
\leftroot@=\count321
LaTeX Info: Redefining \overline on input line 399.
\classnum@=\count322
\DOTSCASE@=\count323
LaTeX Info: Redefining \ldots on input line 496.
LaTeX Info: Redefining \dots on input line 499.
LaTeX Info: Redefining \cdots on input line 620.
\Mathstrutbox@=\box94
\strutbox@=\box95
\big@size=\dimen326
LaTeX Font Info:    Redeclaring font encoding OML on input line 743.
LaTeX Font Info:    Redeclaring font encoding OMS on input line 744.
\macc@depth=\count324
\c@MaxMatrixCols=\count325
\dotsspace@=\muskip16
\c@parentequation=\count326
\dspbrk@lvl=\count327
\tag@help=\toks38
\row@=\count328
\column@=\count329
\maxfields@=\count330
\andhelp@=\toks39
\eqnshift@=\dimen327
\alignsep@=\dimen328
\tagshift@=\dimen329
\tagwidth@=\dimen330
\totwidth@=\dimen331
\lineht@=\dimen332
\@envbody=\toks40
\multlinegap=\skip57
\multlinetaggap=\skip58
\mathdisplay@stack=\toks41
LaTeX Info: Redefining \[ on input line 2938.
LaTeX Info: Redefining \] on input line 2939.
)
(c:/texlive/2022/texmf-dist/tex/latex/circuitikz/circuitikz.sty
Package: circuitikz 2022/02/04{} The CircuiTikz circuit drawing package version
 1.4.6

(c:/texlive/2022/texmf-dist/tex/generic/pgf/frontendlayer/tikz/libraries/tikzli
brarycalc.code.tex
File: tikzlibrarycalc.code.tex 2021/05/15 v3.1.9a (3.1.9a)
)
(c:/texlive/2022/texmf-dist/tex/generic/pgf/libraries/pgflibraryarrows.meta.cod
e.tex
File: pgflibraryarrows.meta.code.tex 2021/05/15 v3.1.9a (3.1.9a)
\pgfarrowinset=\dimen333
\pgfarrowlength=\dimen334
\pgfarrowwidth=\dimen335
\pgfarrowlinewidth=\dimen336
)
(c:/texlive/2022/texmf-dist/tex/generic/pgf/frontendlayer/tikz/libraries/tikzli
brarybending.code.tex
File: tikzlibrarybending.code.tex 2021/05/15 v3.1.9a (3.1.9a)

(c:/texlive/2022/texmf-dist/tex/generic/pgf/modules/pgfmodulebending.code.tex
File: pgfmodulebending.code.tex 2021/05/15 v3.1.9a (3.1.9a)

(c:/texlive/2022/texmf-dist/tex/generic/pgf/modules/pgfmodulenonlineartransform
ations.code.tex
File: pgfmodulenonlineartransformations.code.tex 2021/05/15 v3.1.9a (3.1.9a)
\pgftransformnonlinearflatness=\dimen337
)
(c:/texlive/2022/texmf-dist/tex/generic/pgf/libraries/pgflibrarycurvilinear.cod
e.tex
File: pgflibrarycurvilinear.code.tex 2021/05/15 v3.1.9a (3.1.9a)
\pgf@curvilinear@time@a=\dimen338
\pgf@curvilinear@length@a=\dimen339
\pgf@curvilinear@length@b=\dimen340
\pgf@curvilinear@length@c=\dimen341
\pgf@curvilinear@length@d=\dimen342
)
\pgf@arrows@the@rigidity=\dimen343
))
(c:/texlive/2022/texmf-dist/tex/generic/pgf/frontendlayer/tikz/libraries/tikzli
braryfpu.code.tex
(c:/texlive/2022/texmf-dist/tex/generic/pgf/libraries/pgflibraryfpu.code.tex))
(c:/texlive/2022/texmf-dist/tex/generic/circuitikz/pgfcirc.defines.tex
\pgf@circ@count@a=\count331
\pgf@circ@count@b=\count332
\pgf@circ@count@c=\count333
\pgf@circ@res@up=\dimen344
\pgf@circ@res@down=\dimen345
\pgf@circ@res@zero=\dimen346
\pgf@circ@res@left=\dimen347
\pgf@circ@res@right=\dimen348
\pgf@circ@res@other=\dimen349
\pgf@circ@res@step=\dimen350
\pgf@circ@res@temp=\dimen351
\pgf@circ@Rlen=\dimen352
\pgf@circ@scaled@Rlen=\dimen353
\pgfstartlinewidth=\dimen354
)
(c:/texlive/2022/texmf-dist/tex/generic/circuitikz/pgfcircutils.tex
\ctikz@scratchbox=\box96
)
(c:/texlive/2022/texmf-dist/tex/generic/circuitikz/pgfcircpath.tex)
(c:/texlive/2022/texmf-dist/tex/generic/circuitikz/pgfcircshapes.tex)
(c:/texlive/2022/texmf-dist/tex/generic/circuitikz/pgfcircmonopoles.tex)
(c:/texlive/2022/texmf-dist/tex/generic/circuitikz/pgfcircbipoles.tex)
(c:/texlive/2022/texmf-dist/tex/generic/circuitikz/pgfcirctripoles.tex
\pgf@circ@res@count=\count334
)
(c:/texlive/2022/texmf-dist/tex/generic/circuitikz/pgfcircquadpoles.tex)
(c:/texlive/2022/texmf-dist/tex/generic/circuitikz/pgfcircmultipoles.tex)
(c:/texlive/2022/texmf-dist/tex/generic/circuitikz/pgfcirclabel.tex)
(c:/texlive/2022/texmf-dist/tex/generic/circuitikz/pgfcircvoltage.tex
\pgfcirc@labelshift=\dimen355
)
(c:/texlive/2022/texmf-dist/tex/generic/circuitikz/pgfcirccurrent.tex)
(c:/texlive/2022/texmf-dist/tex/generic/circuitikz/pgfcircflow.tex))
(c:/texlive/2022/texmf-dist/tex/latex/amsfonts/amssymb.sty
Package: amssymb 2013/01/14 v3.01 AMS font symbols

(c:/texlive/2022/texmf-dist/tex/latex/amsfonts/amsfonts.sty
Package: amsfonts 2013/01/14 v3.01 Basic AMSFonts support
\symAMSa=\mathgroup4
\symAMSb=\mathgroup5
LaTeX Font Info:    Redeclaring math symbol \hbar on input line 98.
LaTeX Font Info:    Overwriting math alphabet `\mathfrak' in version `bold'
(Font)                  U/euf/m/n --> U/euf/b/n on input line 106.
))
(c:/texlive/2022/texmf-dist/tex/xelatex/xepersian/xepersian.sty
Package: xepersian 2022/02/20 v23.7 Persian typesetting in XeLaTeX

(c:/texlive/2022/texmf-dist/tex/latex/fontspec/fontspec.sty
(c:/texlive/2022/texmf-dist/tex/latex/l3packages/xparse/xparse.sty
Package: xparse 2022-01-12 L3 Experimental document command parser
)
Package: fontspec 2022/01/15 v2.8a Font selection for XeLaTeX and LuaLaTeX

(c:/texlive/2022/texmf-dist/tex/latex/fontspec/fontspec-xetex.sty
Package: fontspec-xetex 2022/01/15 v2.8a Font selection for XeLaTeX and LuaLaTe
X
\l__fontspec_script_int=\count335
\l__fontspec_language_int=\count336
\l__fontspec_strnum_int=\count337
\l__fontspec_tmp_int=\count338
\l__fontspec_tmpa_int=\count339
\l__fontspec_tmpb_int=\count340
\l__fontspec_tmpc_int=\count341
\l__fontspec_em_int=\count342
\l__fontspec_emdef_int=\count343
\l__fontspec_strong_int=\count344
\l__fontspec_strongdef_int=\count345
\l__fontspec_tmpa_dim=\dimen356
\l__fontspec_tmpb_dim=\dimen357
\l__fontspec_tmpc_dim=\dimen358

(c:/texlive/2022/texmf-dist/tex/latex/base/fontenc.sty
Package: fontenc 2021/04/29 v2.0v Standard LaTeX package
)
(c:/texlive/2022/texmf-dist/tex/latex/fontspec/fontspec.cfg)))
(c:/texlive/2022/texmf-dist/tex/xelatex/xepersian/xepersian-persiancal.sty
Package: xepersian-persiancal 2012/07/25 v0.2 provides Persian calendar
\XePersian@i=\count346
\XePersian@y=\count347
\XePersian@m=\count348
\XePersian@d=\count349
\XePersian@latini=\count350
\XePersian@persiani=\count351
\XePersian@latinii=\count352
\XePersian@persianii=\count353
\XePersian@latiniii=\count354
\XePersian@persianiii=\count355
\XePersian@latiniv=\count356
\XePersian@persianiv=\count357
\XePersian@latinv=\count358
\XePersian@persianv=\count359
\XePersian@latinvi=\count360
\XePersian@persianvi=\count361
\XePersian@latinvii=\count362
\XePersian@persianvii=\count363
\XePersian@latinviii=\count364
\XePersian@persianviii=\count365
\XePersian@latinix=\count366
\XePersian@persianix=\count367
\XePersian@latinx=\count368
\XePersian@persianx=\count369
\XePersian@latinxi=\count370
\XePersian@persianxi=\count371
\XePersian@latinxii=\count372
\XePersian@persianxii=\count373
\XePersian@persianxiii=\count374
\XePersian@temp=\count375
\XePersian@temptwo=\count376
\XePersian@tempthree=\count377
\XePersian@yModHundred=\count378
\XePersian@thirtytwo=\count379
\XePersian@dn=\count380
\XePersian@sn=\count381
\XePersian@mminusone=\count382
)
(c:/texlive/2022/texmf-dist/tex/xelatex/xepersian/xepersian-mathdigitspec.sty
Package: xepersian-mathdigitspec 2022/02/04 v1.1.9 Unicode Persian math digits 
in XeLaTeX
)
(c:/texlive/2022/texmf-dist/tex/xelatex/bidi/bidi.sty
Package: bidi 2022/02/18 v36.7 Bidirectional typesetting in plain TeX and LaTeX


****************************************************
* 
* bidi package (Bidirectional typesetting in
* plain TeX and LaTeX, using XeTeX engine)
* 
* Description: A convenient interface for
* typesetting bidirectional texts in plain TeX
* and LaTeX. The package includes adaptations
* for use with many other commonly-used packages.
* 
* Copyright (c) 2007--2022 Vafa Khalighi
* Copyright (c) 2018--2020 bidi-tex GitHub organization
* 
* v36.7, 2022/02/18
* 
* License: LaTeX Project Public License, version
* 1.3c or higher (your choice)
* 
* Location on CTAN: /macros/xetex/latex/bidi
* 
* Issue tracker: https://github.com/tex-persian/bidi/issues
* 
* Discussions: https://github.com/tex-persian/bidi/discussions
* 
* Support Email: tex-persian@vafa.ac
* 
* Primary author of bidi package: Vafa Khalighi.
* 
****************************************************
(c:/texlive/2022/texmf-dist/tex/xelatex/bidi/biditools.sty
Package: biditools 2022/02/01 v2.1 Programming tools for bidi package
\@bidi@envbody=\toks42
\@bidi@emptytoks=\toks43
\bidi@poscount=\count383
\bidi@tempcountb=\count384
\bidi@temptoksa=\toks44
\bidi@temptoksb=\toks45
\bidi@dummies=\count385
\bidi@are@these@correct=\toks46
\bidi@toks@lista=\toks47
\bidi@toks@listb=\toks48
\bidi@stack@length=\count386
\bidi@empty@stack=\toks49
\bidi@looprepeat@depth=\count387
)
==> First Aid for biditools.sty no longer applied!
    Expected:
        2020/05/13 v2 Programming tools for bidi package
    but found:
        2022/02/01 v2.1 Programming tools for bidi package
    so I'm assuming it got fixed.
(c:/texlive/2022/texmf-dist/tex/latex/zref/zref-abspage.sty
Package: zref-abspage 2020-07-03 v2.32 Module abspage for zref (HO)

(c:/texlive/2022/texmf-dist/tex/latex/zref/zref-base.sty
Package: zref-base 2020-07-03 v2.32 Module base for zref (HO)

(c:/texlive/2022/texmf-dist/tex/generic/ltxcmds/ltxcmds.sty
Package: ltxcmds 2020-05-10 v1.25 LaTeX kernel commands for general use (HO)
)
(c:/texlive/2022/texmf-dist/tex/generic/infwarerr/infwarerr.sty
Package: infwarerr 2019/12/03 v1.5 Providing info/warning/error messages (HO)
)
(c:/texlive/2022/texmf-dist/tex/generic/kvsetkeys/kvsetkeys.sty
Package: kvsetkeys 2019/12/15 v1.18 Key value parser (HO)
)
(c:/texlive/2022/texmf-dist/tex/generic/kvdefinekeys/kvdefinekeys.sty
Package: kvdefinekeys 2019-12-19 v1.6 Define keys (HO)
)
(c:/texlive/2022/texmf-dist/tex/generic/pdftexcmds/pdftexcmds.sty
Package: pdftexcmds 2020-06-27 v0.33 Utility functions of pdfTeX for LuaTeX (HO
)
Package pdftexcmds Info: \pdf@primitive is available.
Package pdftexcmds Info: \pdf@ifprimitive is available.
Package pdftexcmds Info: \pdfdraftmode not found.
)
(c:/texlive/2022/texmf-dist/tex/generic/etexcmds/etexcmds.sty
Package: etexcmds 2019/12/15 v1.7 Avoid name clashes with e-TeX commands (HO)
)
(c:/texlive/2022/texmf-dist/tex/latex/auxhook/auxhook.sty
Package: auxhook 2019-12-17 v1.6 Hooks for auxiliary files (HO)
)
Package zref Info: New property list: main on input line 764.
Package zref Info: New property: default on input line 765.
Package zref Info: New property: page on input line 766.
)
(c:/texlive/2022/texmf-dist/tex/latex/base/atbegshi-ltx.sty
Package: atbegshi-ltx 2021/01/10 v1.0c Emulation of the original atbegshi
package with kernel methods
)
\c@abspage=\count388
Package zref Info: New property: abspage on input line 66.
)
(c:/texlive/2022/texmf-dist/tex/latex/xkeyval/xkeyval.sty
Package: xkeyval 2020/11/20 v2.8 package option processing (HA)

(c:/texlive/2022/texmf-dist/tex/generic/xkeyval/xkeyval.tex
(c:/texlive/2022/texmf-dist/tex/generic/xkeyval/xkvutils.tex
\XKV@toks=\toks50
\XKV@tempa@toks=\toks51
)
\XKV@depth=\count389
File: xkeyval.tex 2014/12/03 v2.7a key=value parser (HA)
))
\@bidi@copyins@=\insert252

(c:/texlive/2022/texmf-dist/tex/xelatex/bidi/latex-xetex-bidi.def
File: latex-xetex-bidi.def 2022/02/18 v1.4.0 bidi adaptations for `latex.ltx' f
or XeTeX engine
\bidi@n@everypar=\toks52
\bidi@column@check@number=\count390

(c:/texlive/2022/texmf-dist/tex/xelatex/bidi/footnote-xetex-bidi.def
File: footnote-xetex-bidi.def 2017/08/09 v1.1 bidi footnote macros for XeTeX en
gine
\c@footdir@label=\count391
\footdir@toks=\toks53
)
(c:/texlive/2022/texmf-dist/tex/xelatex/bidi/book-xetex-bidi.def
File: book-xetex-bidi.def 2017/06/09 v1.0 bidi adaptations for standard book cl
ass for XeTeX engine
)
(c:/texlive/2022/texmf-dist/tex/xelatex/bidi/amsmath-xetex-bidi.def
File: amsmath-xetex-bidi.def 2020/05/16 v1.2 bidi adaptations for amsmath packa
ge for XeTeX engine
)
(c:/texlive/2022/texmf-dist/tex/xelatex/bidi/amstext-xetex-bidi.def
File: amstext-xetex-bidi.def 2016/09/12 v0.2 bidi adaptations for amstext packa
ge for XeTeX engine
)
(c:/texlive/2022/texmf-dist/tex/xelatex/bidi/color-xetex-bidi.def
File: color-xetex-bidi.def 2013/04/08 v0.2 bidi adaptations for color package f
or XeTeX engine
LaTeX Info: Redefining \color on input line 50.
)
(c:/texlive/2022/texmf-dist/tex/xelatex/bidi/xcolor-xetex-bidi.def
File: xcolor-xetex-bidi.def 2013/04/08 v0.2 bidi adaptations for xcolor package
 for XeTeX engine
LaTeX Info: Redefining \color on input line 49.
LaTeX Info: Redefining \bidicolor on input line 92.
)
(c:/texlive/2022/texmf-dist/tex/xelatex/bidi/graphicx-xetex-bidi.def
File: graphicx-xetex-bidi.def 2017/06/17 v0.5 bidi adaptations for graphicx pac
kage for XeTeX engine
)
(c:/texlive/2022/texmf-dist/tex/xelatex/bidi/pgfcorescopes.code-xetex-bidi.def
File: pgfcorescopes.code-xetex-bidi.def 2015/11/14 v0.1 bidi adaptations for pg
f package for XeTeX engine
) (c:/texlive/2022/texmf-dist/tex/xelatex/bidi/array-xetex-bidi.def
File: array-xetex-bidi.def 2015/11/07 v0.3 bidi adaptations for array package f
or XeTeX engine
))
(c:/texlive/2022/texmf-dist/tex/xelatex/bidi/loadingorder-xetex-bidi.def
File: loadingorder-xetex-bidi.def 2017/12/29 v0.97 making sure that bidi is the
 last package loaded
)
\bidi@digits=\count392
\bidi@digits@charclass=\XeTeXcharclass1
\bidi@sepmark@charclass=\XeTeXcharclass2
)
****************************************************
* 
* xepersian package (Persian for LaTeX, using XeTeX engine)
* 
* Description: The package supports Persian
* typesetting, using fonts provided in the
* distribution.
* 
* Copyright (c) 2008--2022 Vafa Khalighi
* Copyright (c) 2018--2020 bidi-tex GitHub Organization
* 
* v23.7, 2022/02/20
* 
* License: LaTeX Project Public License, version
* 1.3c or higher (your choice)
* 
* Location on CTAN: /macros/xetex/latex/xepersian
* 
* Issue tracker: https://github.com/tex-persian/xepersian/issues
* 
* Discussions: https://github.com/tex-persian/xepersian/discussions
* 
* Support Email: tex-persian@vafa.ac
* 
* Primary author of xepersian package: Vafa Khalighi.
* 
****************************************************
\xepersian@tcl=\count393
\xepersian@ilg=\dimen359
\xepersian@strutilg=\dimen360
(c:/texlive/2022/texmf-dist/tex/xelatex/xepersian/loadingorder-xepersian.def
File: loadingorder-xepersian.def 2018/09/29 v0.5 making sure that xepersian is 
the last package loaded
)
(c:/texlive/2022/texmf-dist/tex/xelatex/xepersian/footnote-xepersian.def
File: footnote-xepersian.def 2017/08/09 v0.6 footnote macros for xepersian pack
age
)
(c:/texlive/2022/texmf-dist/tex/xelatex/xepersian/book-xepersian.def
File: book-xepersian.def 2010/07/25 v0.2 adaptations for standard book class
)

Package fontspec Info: Font family 'lmroman10-regular(0)' created for font
(fontspec)             'lmroman10-regular' with options
(fontspec)             [Ligatures=TeX,Path,BoldFont={lmroman10-bold},BoldItalic
Font={lmroman10-bolditalic},ItalicFont={lmroman10-italic},SmallCapsFont={lmroma
ncaps10-regular},SlantedFont={lmromanslant10-regular},BoldSlantedFont={lmromans
lant10-bold}].
(fontspec)              
(fontspec)              This font family consists of the following NFSS
(fontspec)             series/shapes:
(fontspec)              
(fontspec)             - 'normal' (m/n) with NFSS spec.:
(fontspec)             <->"[lmroman10-regular]/OT:script=latn;language=dflt;map
ping=tex-text;"
(fontspec)             - 'small caps'  (m/sc) with NFSS spec.:
(fontspec)             <->"[lmromancaps10-regular]/OT:script=latn;language=dflt
;mapping=tex-text;"
(fontspec)             - 'bold' (b/n) with NFSS spec.:
(fontspec)             <->"[lmroman10-bold]/OT:script=latn;language=dflt;mappin
g=tex-text;"
(fontspec)             - 'bold small caps'  (b/sc) with NFSS spec.:
(fontspec)             <->"[lmromancaps10-regular]/OT:script=latn;language=dflt
;mapping=tex-text;"
(fontspec)             - 'italic' (m/it) with NFSS spec.:
(fontspec)             <->"[lmroman10-italic]/OT:script=latn;language=dflt;mapp
ing=tex-text;"
(fontspec)             - 'italic small caps'  (m/scit) with NFSS spec.:
(fontspec)             <->"[lmromancaps10-regular]/OT:script=latn;language=dflt
;mapping=tex-text;"
(fontspec)             - 'slanted' (m/sl) with NFSS spec.:
(fontspec)             <->"[lmromanslant10-regular]/OT:script=latn;language=dfl
t;mapping=tex-text;"
(fontspec)             - 'slanted small caps'  (m/scsl) with NFSS spec.:
(fontspec)             <->"[lmromancaps10-regular]/OT:script=latn;language=dflt
;mapping=tex-text;"
(fontspec)             - 'bold italic' (b/it) with NFSS spec.:
(fontspec)             <->"[lmroman10-bolditalic]/OT:script=latn;language=dflt;
mapping=tex-text;"
(fontspec)             - 'bold italic small caps'  (b/scit) with NFSS spec.:
(fontspec)             <->"[lmromancaps10-regular]/OT:script=latn;language=dflt
;mapping=tex-text;"
(fontspec)             - 'bold slanted' (b/sl) with NFSS spec.:
(fontspec)             <->"[lmromanslant10-bold]/OT:script=latn;language=dflt;m
apping=tex-text;"
(fontspec)             - 'bold slanted small caps'  (b/scsl) with NFSS spec.:
(fontspec)             <->"[lmromancaps10-regular]/OT:script=latn;language=dflt
;mapping=tex-text;"

)

Package fontspec Info: Font family 'XBZar(0)' created for font 'XB Zar' with
(fontspec)             options
(fontspec)             [RawFeature={script=arab},Ligatures=PersianTeX].
(fontspec)              
(fontspec)              This font family consists of the following NFSS
(fontspec)             series/shapes:
(fontspec)              
(fontspec)             - 'normal' (m/n) with NFSS spec.: <->"XB
(fontspec)             Zar/OT:script=latn;language=dflt;script=arab;mapping=per
sian-tex-text;"
(fontspec)             - 'small caps'  (m/sc) with NFSS spec.: 
(fontspec)             - 'bold' (b/n) with NFSS spec.: <->"XB
(fontspec)             Zar/B/OT:script=latn;language=dflt;script=arab;mapping=p
ersian-tex-text;"
(fontspec)             - 'bold small caps'  (b/sc) with NFSS spec.: 
(fontspec)             - 'italic' (m/it) with NFSS spec.: <->"XB
(fontspec)             Zar/I/OT:script=latn;language=dflt;script=arab;mapping=p
ersian-tex-text;"
(fontspec)             - 'italic small caps'  (m/scit) with NFSS spec.: 
(fontspec)             - 'bold italic' (b/it) with NFSS spec.: <->"XB
(fontspec)             Zar/BI/OT:script=latn;language=dflt;script=arab;mapping=
persian-tex-text;"
(fontspec)             - 'bold italic small caps'  (b/scit) with NFSS spec.: 


(c:/texlive/2022/texmf-dist/tex/generic/pgf/frontendlayer/tikz/libraries/tikzli
brarybackgrounds.code.tex
File: tikzlibrarybackgrounds.code.tex 2021/05/15 v3.1.9a (3.1.9a)
\pgf@layerbox@background=\box97
\pgf@layerboxsaved@background=\box98
)
(c:/texlive/2022/texmf-dist/tex/generic/pgf/frontendlayer/tikz/libraries/tikzli
braryfit.code.tex
File: tikzlibraryfit.code.tex 2021/05/15 v3.1.9a (3.1.9a)
)
(c:/texlive/2022/texmf-dist/tex/generic/pgf/frontendlayer/tikz/libraries/tikzli
brarydecorations.pathreplacing.code.tex
(c:/texlive/2022/texmf-dist/tex/generic/pgf/frontendlayer/tikz/libraries/tikzli
brarydecorations.code.tex
(c:/texlive/2022/texmf-dist/tex/generic/pgf/modules/pgfmoduledecorations.code.t
ex
\pgfdecoratedcompleteddistance=\dimen361
\pgfdecoratedremainingdistance=\dimen362
\pgfdecoratedinputsegmentcompleteddistance=\dimen363
\pgfdecoratedinputsegmentremainingdistance=\dimen364
\pgf@decorate@distancetomove=\dimen365
\pgf@decorate@repeatstate=\count394
\pgfdecorationsegmentamplitude=\dimen366
\pgfdecorationsegmentlength=\dimen367
)
\tikz@lib@dec@box=\box99
)
(c:/texlive/2022/texmf-dist/tex/generic/pgf/libraries/decorations/pgflibrarydec
orations.pathreplacing.code.tex)) (./qi.aux)
\openout1 = `qi.aux'.

LaTeX Font Info:    Checking defaults for OML/cmm/m/it on input line 34.
LaTeX Font Info:    ... okay on input line 34.
LaTeX Font Info:    Checking defaults for OMS/cmsy/m/n on input line 34.
LaTeX Font Info:    ... okay on input line 34.
LaTeX Font Info:    Checking defaults for OT1/cmr/m/n on input line 34.
LaTeX Font Info:    ... okay on input line 34.
LaTeX Font Info:    Checking defaults for T1/cmr/m/n on input line 34.
LaTeX Font Info:    ... okay on input line 34.
LaTeX Font Info:    Checking defaults for TS1/cmr/m/n on input line 34.
LaTeX Font Info:    Trying to load font information for TS1+cmr on input line 3
4.

(c:/texlive/2022/texmf-dist/tex/latex/base/ts1cmr.fd
File: ts1cmr.fd 2019/12/16 v2.5j Standard LaTeX font definitions
)
LaTeX Font Info:    ... okay on input line 34.
LaTeX Font Info:    Checking defaults for TU/lmr/m/n on input line 34.
LaTeX Font Info:    ... okay on input line 34.
LaTeX Font Info:    Checking defaults for OMX/cmex/m/n on input line 34.
LaTeX Font Info:    ... okay on input line 34.
LaTeX Font Info:    Checking defaults for U/cmr/m/n on input line 34.
LaTeX Font Info:    ... okay on input line 34.

(c:/texlive/2022/texmf-dist/tex/latex/ninecolors/ninecolors.sty
Package: ninecolors 2022-02-13 vv2022D Select colors with proper color contrast

) (./qi.toc
LaTeX Font Info:    Trying to load font information for U+msa on input line 1.

(c:/texlive/2022/texmf-dist/tex/latex/amsfonts/umsa.fd
File: umsa.fd 2013/01/14 v3.01 AMS symbols A
)
LaTeX Font Info:    Trying to load font information for U+msb on input line 1.

(c:/texlive/2022/texmf-dist/tex/latex/amsfonts/umsb.fd
File: umsb.fd 2013/01/14 v3.01 AMS symbols B
) [1


])
\tf@toc=\write5
\openout5 = `qi.toc'.


Missing character: There is no 〉 (U+3009) in font XB Zar/OT:script=latn;languag
e=dflt;script=arab;mapping=persian-tex-text;!
Missing character: There is no 〉 (U+3009) in font XB Zar/OT:script=latn;languag
e=dflt;script=arab;mapping=persian-tex-text;!
Missing character: There is no 〉 (U+3009) in font XB Zar/OT:script=latn;languag
e=dflt;script=arab;mapping=persian-tex-text;!
LaTeX Font Info:    Font shape `TU/XBZar(0)/m/sl' in size <10> not available
(Font)              Font shape `TU/XBZar(0)/m/it' tried instead on input line 5
1.
[2]
فصل 1.

Underfull \vbox (badness 2653) has occurred while \output is active []

 [3

]
Overfull \hbox (7.91711pt too wide) in paragraph at lines 100--100
[][]\TU/XBZar(0)/b/n/14.4 bloch vector - computayional basis - fourier ba-[]
 []


Overfull \hbox (1.72131pt too wide) in paragraph at lines 102--103
[]\TU/XBZar(0)/m/n/10 گیت‌های کوانتومی[][] یکی از اولین و ههم‌ترین اجزای‌ مدار‌
های کوانتومی ‌می‌باشند. این گیت‌ها عملگر‌هایی[]
 []

[4]
Overfull \hbox (3.03609pt too wide) in paragraph at lines 105--106
[]\TU/XBZar(0)/m/n/10 گیت‌های کوانتومی، دارای انواع مختلف گوناگونی می‌باشند. به
 طور کلی گیت‌های کوانتومی، عملگر‌هایی[]
 []


Overfull \hbox (0.7363pt too wide) in paragraph at lines 116--117
[][]\TU/XBZar(0)/m/n/10 این گیت کوانتومی‌ به صورت خطی روی یک دسته‌ کت اثر مي‌کن
د. نمایش ماتریسی این گیت‌کوانتومی[]
 []

[5] <xymatrix 5x2 205> [6] <xymatrix 4x2 306> [7] [8]
Underfull \vbox (badness 10000) has occurred while \output is active []

 [9]
[10] [11] [12

]
فصل 2.
[13] [14

]
فصل 3.

Overfull \hbox (0.4648pt too wide) in paragraph at lines 364--365
[]\TU/XBZar(0)/m/n/10 موازی‌سازی کوانتومی[][]، پایه‌واساس بسیاری از الگوریتم‌ها
ی کوانتومی است. با گذار یک حالت کوانتومی[]
 []


Underfull \hbox (badness 10000) in paragraph at lines 367--368
[][]
 []

[15]
Missing character: There is no ⊕ (U+2295) in font XB Zar/OT:script=latn;languag
e=dflt;script=arab;mapping=persian-tex-text;!
Missing character: There is no ⊕ (U+2295) in font XB Zar/OT:script=latn;languag
e=dflt;script=arab;mapping=persian-tex-text;!
Missing character: There is no ⊕ (U+2295) in font XB Zar/OT:script=latn;languag
e=dflt;script=arab;mapping=persian-tex-text;!
File: Uforacle.png Graphic file (type bmp)
<Uforacle.png>
[16]

LaTeX Warning: Command \textbar invalid in math mode on input line 417.


LaTeX Warning: Command \textbar invalid in math mode on input line 417.


LaTeX Warning: Command \textbar invalid in math mode on input line 417.


LaTeX Warning: Command \textbar invalid in math mode on input line 417.

File: Multyhadamard.png Graphic file (type bmp)
<Multyhadamard.png>
[17]
Missing character: There is no 〉 (U+3009) in font XB Zar/OT:script=latn;languag
e=dflt;script=arab;mapping=persian-tex-text;!
Missing character: There is no 〉 (U+3009) in font XB Zar/OT:script=latn;languag
e=dflt;script=arab;mapping=persian-tex-text;!
Missing character: There is no 〉 (U+3009) in font XB Zar/OT:script=latn;languag
e=dflt;script=arab;mapping=persian-tex-text;!
Missing character: There is no 〉 (U+3009) in font XB Zar/OT:script=latn;languag
e=dflt;script=arab;mapping=persian-tex-text;!
[18]
File: standard computation model.png Graphic file (type bmp)
<standard computation model.png>
File: Query computation model.png Graphic file (type bmp)
<Query computation model.png>
 [19] [20]
File: Constantorbalanse.png Graphic file (type bmp)
<Constantorbalanse.png>

Underfull \hbox (badness 10000) in paragraph at lines 539--540
[][]
 []

File: Deutsch algorithm.png Graphic file (type bmp)
<Deutsch algorithm.png>
Missing character: There is no ⟩ (U+27E9) in font XB Zar/OT:script=latn;languag
e=dflt;script=arab;mapping=persian-tex-text;!
Missing character: There is no ⟩ (U+27E9) in font XB Zar/OT:script=latn;languag
e=dflt;script=arab;mapping=persian-tex-text;!
Missing character: There is no ⟩ (U+27E9) in font XB Zar/OT:script=latn;languag
e=dflt;script=arab;mapping=persian-tex-text;!
Missing character: There is no ψ (U+03C8) in font XB Zar/OT:script=latn;languag
e=dflt;script=arab;mapping=persian-tex-text;!
Missing character: There is no ⟩ (U+27E9) in font XB Zar/OT:script=latn;languag
e=dflt;script=arab;mapping=persian-tex-text;!
Missing character: There is no ⟩ (U+27E9) in font XB Zar/OT:script=latn;languag
e=dflt;script=arab;mapping=persian-tex-text;!
Missing character: There is no ⟩ (U+27E9) in font XB Zar/OT:script=latn;languag
e=dflt;script=arab;mapping=persian-tex-text;!
Missing character: There is no ⟩ (U+27E9) in font XB Zar/OT:script=latn;languag
e=dflt;script=arab;mapping=persian-tex-text;!
Missing character: There is no ⟩ (U+27E9) in font XB Zar/OT:script=latn;languag
e=dflt;script=arab;mapping=persian-tex-text;!
Missing character: There is no ⟩ (U+27E9) in font XB Zar/OT:script=latn;languag
e=dflt;script=arab;mapping=persian-tex-text;!
Missing character: There is no ⟩ (U+27E9) in font XB Zar/OT:script=latn;languag
e=dflt;script=arab;mapping=persian-tex-text;!
Missing character: There is no ψ (U+03C8) in font XB Zar/OT:script=latn;languag
e=dflt;script=arab;mapping=persian-tex-text;!
Missing character: There is no ⟩ (U+27E9) in font XB Zar/OT:script=latn;languag
e=dflt;script=arab;mapping=persian-tex-text;!
Missing character: There is no ⟩ (U+27E9) in font XB Zar/OT:script=latn;languag
e=dflt;script=arab;mapping=persian-tex-text;!
Missing character: There is no ⟩ (U+27E9) in font XB Zar/OT:script=latn;languag
e=dflt;script=arab;mapping=persian-tex-text;!
Missing character: There is no ψ (U+03C8) in font XB Zar/OT:script=latn;languag
e=dflt;script=arab;mapping=persian-tex-text;!
Missing character: There is no ⟩ (U+27E9) in font XB Zar/OT:script=latn;languag
e=dflt;script=arab;mapping=persian-tex-text;!
Missing character: There is no ⟩ (U+27E9) in font XB Zar/OT:script=latn;languag
e=dflt;script=arab;mapping=persian-tex-text;!
[21]
Missing character: There is no 〉 (U+3009) in font XB Zar/OT:script=latn;languag
e=dflt;script=arab;mapping=persian-tex-text;!
Missing character: There is no 〉 (U+3009) in font XB Zar/OT:script=latn;languag
e=dflt;script=arab;mapping=persian-tex-text;!
Missing character: There is no 〉 (U+3009) in font XB Zar/OT:script=latn;languag
e=dflt;script=arab;mapping=persian-tex-text;!
Missing character: There is no 〉 (U+3009) in font XB Zar/OT:script=latn;languag
e=dflt;script=arab;mapping=persian-tex-text;!
Missing character: There is no 〉 (U+3009) in font XB Zar/OT:script=latn;languag
e=dflt;script=arab;mapping=persian-tex-text;!
Missing character: There is no 〉 (U+3009) in font XB Zar/OT:script=latn;languag
e=dflt;script=arab;mapping=persian-tex-text;!
Missing character: There is no 〉 (U+3009) in font XB Zar/OT:script=latn;languag
e=dflt;script=arab;mapping=persian-tex-text;!
Missing character: There is no 〉 (U+3009) in font XB Zar/OT:script=latn;languag
e=dflt;script=arab;mapping=persian-tex-text;!
Missing character: There is no 〉 (U+3009) in font XB Zar/OT:script=latn;languag
e=dflt;script=arab;mapping=persian-tex-text;!
File: Quantum circuit implementing Deutsch’s algorithm.png Graphic file (type b
mp)
<Quantum circuit implementing Deutsch’s algorithm.png>
[22]
Underfull \hbox (badness 10000) in paragraph at lines 578--579
[][]
 []


Underfull \hbox (badness 10000) in paragraph at lines 583--584
[][]
 []

Missing character: There is no 〉 (U+3009) in font XB Zar/OT:script=latn;languag
e=dflt;script=arab;mapping=persian-tex-text;!
Missing character: There is no 〉 (U+3009) in font XB Zar/OT:script=latn;languag
e=dflt;script=arab;mapping=persian-tex-text;!
Missing character: There is no 〉 (U+3009) in font XB Zar/OT:script=latn;languag
e=dflt;script=arab;mapping=persian-tex-text;!
Missing character: There is no 〉 (U+3009) in font XB Zar/OT:script=latn;languag
e=dflt;script=arab;mapping=persian-tex-text;!
Missing character: There is no 〉 (U+3009) in font XB Zar/OT:script=latn;languag
e=dflt;script=arab;mapping=persian-tex-text;!
Missing character: There is no 〉 (U+3009) in font XB Zar/OT:script=latn;languag
e=dflt;script=arab;mapping=persian-tex-text;!
Missing character: There is no ψ (U+03C8) in font XB Zar/OT:script=latn;languag
e=dflt;script=arab;mapping=persian-tex-text;!
Missing character: There is no 〉 (U+3009) in font XB Zar/OT:script=latn;languag
e=dflt;script=arab;mapping=persian-tex-text;!
[23]
Missing character: There is no ⊕ (U+2295) in font XB Zar/OT:script=latn;languag
e=dflt;script=arab;mapping=persian-tex-text;!
Missing character: There is no ⊕ (U+2295) in font XB Zar/OT:script=latn;languag
e=dflt;script=arab;mapping=persian-tex-text;!
Missing character: There is no ⊕ (U+2295) in font XB Zar/OT:script=latn;languag
e=dflt;script=arab;mapping=persian-tex-text;!
Missing character: There is no ⊕ (U+2295) in font XB Zar/OT:script=latn;languag
e=dflt;script=arab;mapping=persian-tex-text;!
Missing character: There is no 〉 (U+3009) in font XB Zar/OT:script=latn;languag
e=dflt;script=arab;mapping=persian-tex-text;!
Missing character: There is no 〉 (U+3009) in font XB Zar/OT:script=latn;languag
e=dflt;script=arab;mapping=persian-tex-text;!
Missing character: There is no 〉 (U+3009) in font XB Zar/OT:script=latn;languag
e=dflt;script=arab;mapping=persian-tex-text;!
Missing character: There is no 〉 (U+3009) in font XB Zar/OT:script=latn;languag
e=dflt;script=arab;mapping=persian-tex-text;!
Missing character: There is no 〉 (U+3009) in font XB Zar/OT:script=latn;languag
e=dflt;script=arab;mapping=persian-tex-text;!
Missing character: There is no 〉 (U+3009) in font XB Zar/OT:script=latn;languag
e=dflt;script=arab;mapping=persian-tex-text;!
Missing character: There is no 〉 (U+3009) in font XB Zar/OT:script=latn;languag
e=dflt;script=arab;mapping=persian-tex-text;!
Missing character: There is no 〉 (U+3009) in font XB Zar/OT:script=latn;languag
e=dflt;script=arab;mapping=persian-tex-text;!
Missing character: There is no 〉 (U+3009) in font XB Zar/OT:script=latn;languag
e=dflt;script=arab;mapping=persian-tex-text;!
Missing character: There is no 〉 (U+3009) in font XB Zar/OT:script=latn;languag
e=dflt;script=arab;mapping=persian-tex-text;!
Missing character: There is no 〉 (U+3009) in font XB Zar/OT:script=latn;languag
e=dflt;script=arab;mapping=persian-tex-text;!
Missing character: There is no 〉 (U+3009) in font XB Zar/OT:script=latn;languag
e=dflt;script=arab;mapping=persian-tex-text;!
Missing character: There is no 〉 (U+3009) in font XB Zar/OT:script=latn;languag
e=dflt;script=arab;mapping=persian-tex-text;!
Missing character: There is no 〉 (U+3009) in font XB Zar/OT:script=latn;languag
e=dflt;script=arab;mapping=persian-tex-text;!
Missing character: There is no 〉 (U+3009) in font XB Zar/OT:script=latn;languag
e=dflt;script=arab;mapping=persian-tex-text;!
Missing character: There is no 〉 (U+3009) in font XB Zar/OT:script=latn;languag
e=dflt;script=arab;mapping=persian-tex-text;!
[24] [25] [26]
فصل 4.
Missing character: There is no 〉 (U+3009) in font XB Zar/OT:script=latn;languag
e=dflt;script=arab;mapping=persian-tex-text;!
Missing character: There is no ψ (U+03C8) in font XB Zar/OT:script=latn;languag
e=dflt;script=arab;mapping=persian-tex-text;!
Missing character: There is no 〉 (U+3009) in font XB Zar/OT:script=latn;languag
e=dflt;script=arab;mapping=persian-tex-text;!

Underfull \hbox (badness 10000) in paragraph at lines 737--738
[][]
 []

[27

]
Missing character: There is no ψ (U+03C8) in font XB Zar/OT:script=latn;languag
e=dflt;script=arab;mapping=persian-tex-text;!
Missing character: There is no 〉 (U+3009) in font XB Zar/OT:script=latn;languag
e=dflt;script=arab;mapping=persian-tex-text;!
Missing character: There is no ψ (U+03C8) in font XB Zar/OT:script=latn;languag
e=dflt;script=arab;mapping=persian-tex-text;!
Missing character: There is no 〉 (U+3009) in font XB Zar/OT:script=latn;languag
e=dflt;script=arab;mapping=persian-tex-text;!
Missing character: There is no ψ (U+03C8) in font XB Zar/OT:script=latn;languag
e=dflt;script=arab;mapping=persian-tex-text;!
Missing character: There is no 〉 (U+3009) in font XB Zar/OT:script=latn;languag
e=dflt;script=arab;mapping=persian-tex-text;!
Missing character: There is no ψ (U+03C8) in font XB Zar/OT:script=latn;languag
e=dflt;script=arab;mapping=persian-tex-text;!
Missing character: There is no 〉 (U+3009) in font XB Zar/OT:script=latn;languag
e=dflt;script=arab;mapping=persian-tex-text;!
Missing character: There is no ψ (U+03C8) in font XB Zar/OT:script=latn;languag
e=dflt;script=arab;mapping=persian-tex-text;!
Missing character: There is no 〉 (U+3009) in font XB Zar/OT:script=latn;languag
e=dflt;script=arab;mapping=persian-tex-text;!
Missing character: There is no ψ (U+03C8) in font XB Zar/OT:script=latn;languag
e=dflt;script=arab;mapping=persian-tex-text;!
Missing character: There is no 〉 (U+3009) in font XB Zar/OT:script=latn;languag
e=dflt;script=arab;mapping=persian-tex-text;!
Missing character: There is no ψ (U+03C8) in font XB Zar/OT:script=latn;languag
e=dflt;script=arab;mapping=persian-tex-text;!
Missing character: There is no 〉 (U+3009) in font XB Zar/OT:script=latn;languag
e=dflt;script=arab;mapping=persian-tex-text;!
Missing character: There is no ψ (U+03C8) in font XB Zar/OT:script=latn;languag
e=dflt;script=arab;mapping=persian-tex-text;!
Missing character: There is no 〉 (U+3009) in font XB Zar/OT:script=latn;languag
e=dflt;script=arab;mapping=persian-tex-text;!
Missing character: There is no ψ (U+03C8) in font XB Zar/OT:script=latn;languag
e=dflt;script=arab;mapping=persian-tex-text;!
Missing character: There is no 〉 (U+3009) in font XB Zar/OT:script=latn;languag
e=dflt;script=arab;mapping=persian-tex-text;!
Missing character: There is no ψ (U+03C8) in font XB Zar/OT:script=latn;languag
e=dflt;script=arab;mapping=persian-tex-text;!
Missing character: There is no 〉 (U+3009) in font XB Zar/OT:script=latn;languag
e=dflt;script=arab;mapping=persian-tex-text;!
Missing character: There is no 〉 (U+3009) in font XB Zar/OT:script=latn;languag
e=dflt;script=arab;mapping=persian-tex-text;!
Missing character: There is no β (U+03B2) in font XB Zar/OT:script=latn;languag
e=dflt;script=arab;mapping=persian-tex-text;!
Missing character: There is no 〉 (U+3009) in font XB Zar/OT:script=latn;languag
e=dflt;script=arab;mapping=persian-tex-text;!
Missing character: There is no β (U+03B2) in font XB Zar/OT:script=latn;languag
e=dflt;script=arab;mapping=persian-tex-text;!
Missing character: There is no ψ (U+03C8) in font XB Zar/OT:script=latn;languag
e=dflt;script=arab;mapping=persian-tex-text;!
Missing character: There is no 〉 (U+3009) in font XB Zar/OT:script=latn;languag
e=dflt;script=arab;mapping=persian-tex-text;!
Missing character: There is no ψ (U+03C8) in font XB Zar/OT:script=latn;languag
e=dflt;script=arab;mapping=persian-tex-text;!
Missing character: There is no 〉 (U+3009) in font XB Zar/OT:script=latn;languag
e=dflt;script=arab;mapping=persian-tex-text;!
Missing character: There is no ψ (U+03C8) in font XB Zar/OT:script=latn;languag
e=dflt;script=arab;mapping=persian-tex-text;!
Missing character: There is no 〉 (U+3009) in font XB Zar/OT:script=latn;languag
e=dflt;script=arab;mapping=persian-tex-text;!
Missing character: There is no β (U+03B2) in font XB Zar/OT:script=latn;languag
e=dflt;script=arab;mapping=persian-tex-text;!
Missing character: There is no 〉 (U+3009) in font XB Zar/OT:script=latn;languag
e=dflt;script=arab;mapping=persian-tex-text;!
[28]
Missing character: There is no 〉 (U+3009) in font XB Zar/OT:script=latn;languag
e=dflt;script=arab;mapping=persian-tex-text;!
Missing character: There is no 〉 (U+3009) in font XB Zar/OT:script=latn;languag
e=dflt;script=arab;mapping=persian-tex-text;!
Missing character: There is no 〉 (U+3009) in font XB Zar/OT:script=latn;languag
e=dflt;script=arab;mapping=persian-tex-text;!
Missing character: There is no β (U+03B2) in font XB Zar/OT:script=latn;languag
e=dflt;script=arab;mapping=persian-tex-text;!
Missing character: There is no 〉 (U+3009) in font XB Zar/OT:script=latn;languag
e=dflt;script=arab;mapping=persian-tex-text;!
Missing character: There is no 〉 (U+3009) in font XB Zar/OT:script=latn;languag
e=dflt;script=arab;mapping=persian-tex-text;!
Missing character: There is no 〉 (U+3009) in font XB Zar/OT:script=latn;languag
e=dflt;script=arab;mapping=persian-tex-text;!

Underfull \hbox (badness 10000) in paragraph at lines 789--796
[][]
 []

Missing character: There is no ψ (U+03C8) in font XB Zar/OT:script=latn;languag
e=dflt;script=arab;mapping=persian-tex-text;!
Missing character: There is no 〉 (U+3009) in font XB Zar/OT:script=latn;languag
e=dflt;script=arab;mapping=persian-tex-text;!
Missing character: There is no 〉 (U+3009) in font XB Zar/OT:script=latn;languag
e=dflt;script=arab;mapping=persian-tex-text;!
Missing character: There is no 〉 (U+3009) in font XB Zar/OT:script=latn;languag
e=dflt;script=arab;mapping=persian-tex-text;!
Missing character: There is no 〉 (U+3009) in font XB Zar/OT:script=latn;languag
e=dflt;script=arab;mapping=persian-tex-text;!
Missing character: There is no β (U+03B2) in font XB Zar/OT:script=latn;languag
e=dflt;script=arab;mapping=persian-tex-text;!
Missing character: There is no 〉 (U+3009) in font XB Zar/OT:script=latn;languag
e=dflt;script=arab;mapping=persian-tex-text;!
Missing character: There is no 〉 (U+3009) in font XB Zar/OT:script=latn;languag
e=dflt;script=arab;mapping=persian-tex-text;!
Missing character: There is no 〉 (U+3009) in font XB Zar/OT:script=latn;languag
e=dflt;script=arab;mapping=persian-tex-text;!
Missing character: There is no ψ (U+03C8) in font XB Zar/OT:script=latn;languag
e=dflt;script=arab;mapping=persian-tex-text;!
Missing character: There is no 〉 (U+3009) in font XB Zar/OT:script=latn;languag
e=dflt;script=arab;mapping=persian-tex-text;!
Missing character: There is no 〉 (U+3009) in font XB Zar/OT:script=latn;languag
e=dflt;script=arab;mapping=persian-tex-text;!
Missing character: There is no 〉 (U+3009) in font XB Zar/OT:script=latn;languag
e=dflt;script=arab;mapping=persian-tex-text;!
Missing character: There is no 〉 (U+3009) in font XB Zar/OT:script=latn;languag
e=dflt;script=arab;mapping=persian-tex-text;!
Missing character: There is no 〉 (U+3009) in font XB Zar/OT:script=latn;languag
e=dflt;script=arab;mapping=persian-tex-text;!
Missing character: There is no β (U+03B2) in font XB Zar/OT:script=latn;languag
e=dflt;script=arab;mapping=persian-tex-text;!
Missing character: There is no 〉 (U+3009) in font XB Zar/OT:script=latn;languag
e=dflt;script=arab;mapping=persian-tex-text;!
Missing character: There is no 〉 (U+3009) in font XB Zar/OT:script=latn;languag
e=dflt;script=arab;mapping=persian-tex-text;!
Missing character: There is no 〉 (U+3009) in font XB Zar/OT:script=latn;languag
e=dflt;script=arab;mapping=persian-tex-text;!
Missing character: There is no 〉 (U+3009) in font XB Zar/OT:script=latn;languag
e=dflt;script=arab;mapping=persian-tex-text;!
Missing character: There is no ψ (U+03C8) in font XB Zar/OT:script=latn;languag
e=dflt;script=arab;mapping=persian-tex-text;!
Missing character: There is no 〉 (U+3009) in font XB Zar/OT:script=latn;languag
e=dflt;script=arab;mapping=persian-tex-text;!
Missing character: There is no 〉 (U+3009) in font XB Zar/OT:script=latn;languag
e=dflt;script=arab;mapping=persian-tex-text;!
Missing character: There is no 〉 (U+3009) in font XB Zar/OT:script=latn;languag
e=dflt;script=arab;mapping=persian-tex-text;!
Missing character: There is no β (U+03B2) in font XB Zar/OT:script=latn;languag
e=dflt;script=arab;mapping=persian-tex-text;!
Missing character: There is no 〉 (U+3009) in font XB Zar/OT:script=latn;languag
e=dflt;script=arab;mapping=persian-tex-text;!
Missing character: There is no 〉 (U+3009) in font XB Zar/OT:script=latn;languag
e=dflt;script=arab;mapping=persian-tex-text;!
Missing character: There is no 〉 (U+3009) in font XB Zar/OT:script=latn;languag
e=dflt;script=arab;mapping=persian-tex-text;!
Missing character: There is no β (U+03B2) in font XB Zar/OT:script=latn;languag
e=dflt;script=arab;mapping=persian-tex-text;!
Missing character: There is no 〉 (U+3009) in font XB Zar/OT:script=latn;languag
e=dflt;script=arab;mapping=persian-tex-text;!
Missing character: There is no 〉 (U+3009) in font XB Zar/OT:script=latn;languag
e=dflt;script=arab;mapping=persian-tex-text;!
Missing character: There is no 〉 (U+3009) in font XB Zar/OT:script=latn;languag
e=dflt;script=arab;mapping=persian-tex-text;!
Missing character: There is no β (U+03B2) in font XB Zar/OT:script=latn;languag
e=dflt;script=arab;mapping=persian-tex-text;!
Missing character: There is no 〉 (U+3009) in font XB Zar/OT:script=latn;languag
e=dflt;script=arab;mapping=persian-tex-text;!
Missing character: There is no 〉 (U+3009) in font XB Zar/OT:script=latn;languag
e=dflt;script=arab;mapping=persian-tex-text;!
Missing character: There is no 〉 (U+3009) in font XB Zar/OT:script=latn;languag
e=dflt;script=arab;mapping=persian-tex-text;!
Missing character: There is no β (U+03B2) in font XB Zar/OT:script=latn;languag
e=dflt;script=arab;mapping=persian-tex-text;!
Missing character: There is no 〉 (U+3009) in font XB Zar/OT:script=latn;languag
e=dflt;script=arab;mapping=persian-tex-text;!
Missing character: There is no 〉 (U+3009) in font XB Zar/OT:script=latn;languag
e=dflt;script=arab;mapping=persian-tex-text;!
Missing character: There is no 〉 (U+3009) in font XB Zar/OT:script=latn;languag
e=dflt;script=arab;mapping=persian-tex-text;!
Missing character: There is no β (U+03B2) in font XB Zar/OT:script=latn;languag
e=dflt;script=arab;mapping=persian-tex-text;!
Missing character: There is no 〉 (U+3009) in font XB Zar/OT:script=latn;languag
e=dflt;script=arab;mapping=persian-tex-text;!
Missing character: There is no ψ (U+03C8) in font XB Zar/OT:script=latn;languag
e=dflt;script=arab;mapping=persian-tex-text;!
Missing character: There is no 〉 (U+3009) in font XB Zar/OT:script=latn;languag
e=dflt;script=arab;mapping=persian-tex-text;!
Missing character: There is no ψ (U+03C8) in font XB Zar/OT:script=latn;languag
e=dflt;script=arab;mapping=persian-tex-text;!
Missing character: There is no 〉 (U+3009) in font XB Zar/OT:script=latn;languag
e=dflt;script=arab;mapping=persian-tex-text;!
Missing character: There is no → (U+2192) in font XB Zar/OT:script=latn;languag
e=dflt;script=arab;mapping=persian-tex-text;!
Missing character: There is no ψ (U+03C8) in font XB Zar/OT:script=latn;languag
e=dflt;script=arab;mapping=persian-tex-text;!
Missing character: There is no 〉 (U+3009) in font XB Zar/OT:script=latn;languag
e=dflt;script=arab;mapping=persian-tex-text;!
Missing character: There is no ≡ (U+2261) in font XB Zar/OT:script=latn;languag
e=dflt;script=arab;mapping=persian-tex-text;!
Missing character: There is no 〉 (U+3009) in font XB Zar/OT:script=latn;languag
e=dflt;script=arab;mapping=persian-tex-text;!
Missing character: There is no β (U+03B2) in font XB Zar/OT:script=latn;languag
e=dflt;script=arab;mapping=persian-tex-text;!
Missing character: There is no 〉 (U+3009) in font XB Zar/OT:script=latn;languag
e=dflt;script=arab;mapping=persian-tex-text;!
Missing character: There is no → (U+2192) in font XB Zar/OT:script=latn;languag
e=dflt;script=arab;mapping=persian-tex-text;!
Missing character: There is no ψ (U+03C8) in font XB Zar/OT:script=latn;languag
e=dflt;script=arab;mapping=persian-tex-text;!
Missing character: There is no 〉 (U+3009) in font XB Zar/OT:script=latn;languag
e=dflt;script=arab;mapping=persian-tex-text;!
Missing character: There is no ≡ (U+2261) in font XB Zar/OT:script=latn;languag
e=dflt;script=arab;mapping=persian-tex-text;!
Missing character: There is no β (U+03B2) in font XB Zar/OT:script=latn;languag
e=dflt;script=arab;mapping=persian-tex-text;!
Missing character: There is no → (U+2192) in font XB Zar/OT:script=latn;languag
e=dflt;script=arab;mapping=persian-tex-text;!
Missing character: There is no ψ (U+03C8) in font XB Zar/OT:script=latn;languag
e=dflt;script=arab;mapping=persian-tex-text;!
Missing character: There is no 〉 (U+3009) in font XB Zar/OT:script=latn;languag
e=dflt;script=arab;mapping=persian-tex-text;!
Missing character: There is no ≡ (U+2261) in font XB Zar/OT:script=latn;languag
e=dflt;script=arab;mapping=persian-tex-text;!
Missing character: There is no 〉 (U+3009) in font XB Zar/OT:script=latn;languag
e=dflt;script=arab;mapping=persian-tex-text;!
Missing character: There is no β (U+03B2) in font XB Zar/OT:script=latn;languag
e=dflt;script=arab;mapping=persian-tex-text;!
Missing character: There is no 〉 (U+3009) in font XB Zar/OT:script=latn;languag
e=dflt;script=arab;mapping=persian-tex-text;!
Missing character: There is no → (U+2192) in font XB Zar/OT:script=latn;languag
e=dflt;script=arab;mapping=persian-tex-text;!
Missing character: There is no ψ (U+03C8) in font XB Zar/OT:script=latn;languag
e=dflt;script=arab;mapping=persian-tex-text;!
Missing character: There is no 〉 (U+3009) in font XB Zar/OT:script=latn;languag
e=dflt;script=arab;mapping=persian-tex-text;!
Missing character: There is no ≡ (U+2261) in font XB Zar/OT:script=latn;languag
e=dflt;script=arab;mapping=persian-tex-text;!
Missing character: There is no 〉 (U+3009) in font XB Zar/OT:script=latn;languag
e=dflt;script=arab;mapping=persian-tex-text;!
Missing character: There is no β (U+03B2) in font XB Zar/OT:script=latn;languag
e=dflt;script=arab;mapping=persian-tex-text;!
Missing character: There is no 〉 (U+3009) in font XB Zar/OT:script=latn;languag
e=dflt;script=arab;mapping=persian-tex-text;!
[29]
Missing character: There is no ψ (U+03C8) in font XB Zar/OT:script=latn;languag
e=dflt;script=arab;mapping=persian-tex-text;!
Missing character: There is no 〉 (U+3009) in font XB Zar/OT:script=latn;languag
e=dflt;script=arab;mapping=persian-tex-text;!
Missing character: There is no ψ (U+03C8) in font XB Zar/OT:script=latn;languag
e=dflt;script=arab;mapping=persian-tex-text;!
Missing character: There is no 〉 (U+3009) in font XB Zar/OT:script=latn;languag
e=dflt;script=arab;mapping=persian-tex-text;!
Missing character: There is no ψ (U+03C8) in font XB Zar/OT:script=latn;languag
e=dflt;script=arab;mapping=persian-tex-text;!
Missing character: There is no 〉 (U+3009) in font XB Zar/OT:script=latn;languag
e=dflt;script=arab;mapping=persian-tex-text;!
[30] [31]
Underfull \hbox (badness 10000) in paragraph at lines 875--876
[][]
 []

[32] (./qi.aux) ) 
Here is how much of TeX's memory you used:
 37882 strings out of 476179
 952601 string characters out of 5813072
 1611611 words of memory out of 5000000
 58053 multiletter control sequences out of 15000+600000
 475811 words of font info for 95 fonts, out of 8000000 for 9000
 1348 hyphenation exceptions out of 8191
 100i,22n,104p,1631b,901s stack positions out of 10000i,1000n,20000p,200000b,200000s

Output written on qi.pdf (32 pages).
